2022-04-15 14:57:26 Reading training dataset.........
2022-04-15 14:57:26 Read the training data successfully.
2022-04-15 14:57:26 Reading testing dataset........
2022-04-15 14:57:27 Read the testing data successfully.
2022-04-15 14:57:27 Reading validation dataset........
2022-04-15 14:57:27 Read the validation data successfully.
2022-04-15 14:57:27 Created pipelines for our models.
2022-04-15 14:57:27 Selected top 4 important features.
2022-04-15 14:57:27 Hyperparameter tuning intiated in Random Forest.......
2022-04-15 14:57:27 Random forest training started......
2022-04-15 14:57:42 {'random_forest__n_estimators': 100, 'random_forest__max_depth': 25}
2022-04-15 14:57:42 Random forest trained.
2022-04-15 14:57:42 Hyperparameter tuning intiated in XGBoost.......
2022-04-15 14:57:42 XGBoost training started.
2022-04-15 15:01:21 {'XGboost__n_estimators': 8000, 'XGboost__max_depth': 15, 'XGboost__learning_rate': 0.005, 'XGboost__colsample_bytree': 0.3}
2022-04-15 15:01:21 XGBoost trained.
2022-04-15 15:01:21 Successfully saved Random forest as pickle file.
2022-04-15 15:01:21 Successfully saved XGBoost as pickle file.
2022-04-15 15:01:21 Sucessfully executed!
2022-04-15 15:09:26 Reading training dataset.........
2022-04-15 15:09:26 Read the training data successfully.
2022-04-15 15:09:26 Reading testing dataset........
2022-04-15 15:09:26 Read the testing data successfully.
2022-04-15 15:09:26 Reading validation dataset........
2022-04-15 15:09:26 Read the validation data successfully.
2022-04-15 15:09:26 Created pipelines for our models.
2022-04-15 15:09:26 Selected top 4 important features.
2022-04-15 15:09:26 Hyperparameter tuning intiated in Random Forest.......
2022-04-15 15:09:26 Random forest training started......
2022-04-15 15:11:13 Reading training dataset.........
2022-04-15 15:11:13 Read the training data successfully.
2022-04-15 15:11:13 Reading testing dataset........
2022-04-15 15:11:13 Read the testing data successfully.
2022-04-15 15:11:13 Reading validation dataset........
2022-04-15 15:11:13 Read the validation data successfully.
2022-04-15 15:11:13 Created pipelines for our models.
2022-04-15 15:11:13 Selected top 4 important features.
2022-04-15 15:11:13 Hyperparameter tuning intiated in Random Forest.......
2022-04-15 15:11:13 Random forest training started......
2022-04-15 15:16:06 Reading training dataset.........
2022-04-15 15:16:06 Read the training data successfully.
2022-04-15 15:16:06 Reading testing dataset........
2022-04-15 15:16:06 Read the testing data successfully.
2022-04-15 15:16:06 Reading validation dataset........
2022-04-15 15:16:06 Read the validation data successfully.
2022-04-15 15:16:06 Created pipelines for our models.
2022-04-15 15:16:06 Selected top 4 important features.
2022-04-15 15:16:06 Hyperparameter tuning intiated in Random Forest.......
2022-04-15 15:16:06 Random forest training started......
2022-04-15 15:16:17 {'random_forest__n_estimators': 200, 'random_forest__max_depth': 35}
2022-04-15 15:16:17 Random forest trained.
2022-04-15 15:16:17 Hyperparameter tuning intiated in XGBoost.......
2022-04-15 15:16:17 XGBoost training started.
2022-04-15 15:18:20 Reading training dataset.........
2022-04-15 15:18:20 Read the training data successfully.
2022-04-15 15:18:20 Reading testing dataset........
2022-04-15 15:18:20 Read the testing data successfully.
2022-04-15 15:18:20 Reading validation dataset........
2022-04-15 15:18:20 Read the validation data successfully.
2022-04-15 15:18:20 Created pipelines for our models.
2022-04-15 15:18:20 Selected top 4 important features.
2022-04-15 15:18:20 Hyperparameter tuning intiated in Random Forest.......
2022-04-15 15:18:20 Random forest training started......
2022-04-15 15:18:28 {'random_forest__n_estimators': 200, 'random_forest__max_depth': 50}
2022-04-15 15:18:28 Random forest trained.
2022-04-15 15:18:28 Hyperparameter tuning intiated in XGBoost.......
2022-04-15 15:18:28 XGBoost training started.
2022-04-15 15:19:24 {'XGboost__n_estimators': 1000, 'XGboost__max_depth': 7, 'XGboost__learning_rate': 0.0003, 'XGboost__colsample_bytree': 0.5}
2022-04-15 15:19:24 XGBoost trained.
2022-04-15 15:19:24 Successfully saved Random forest as pickle file.
2022-04-15 15:19:24 Successfully saved XGBoost as pickle file.
2022-04-15 15:19:24 Sucessfully executed!
2022-04-16 17:43:49 Reading training dataset.........
2022-04-16 17:43:49 Read the training data successfully.
2022-04-16 17:43:49 Reading testing dataset........
2022-04-16 17:43:49 Read the testing data successfully.
2022-04-16 17:43:49 Reading validation dataset........
2022-04-16 17:43:49 Read the validation data successfully.
2022-04-16 17:43:49 Created pipelines for our models.
2022-04-16 17:43:49 Selected top 4 important features.
2022-04-16 17:43:49 Hyperparameter tuning intiated in Random Forest.......
2022-04-16 17:43:49 Random forest training started......
2022-04-16 17:44:02 {'random_forest__n_estimators': 400, 'random_forest__max_depth': 25}
2022-04-16 17:44:02 Random forest trained.
2022-04-16 17:44:02 Hyperparameter tuning intiated in XGBoost.......
2022-04-16 17:44:02 XGBoost training started.
2022-04-16 17:48:31 Reading training dataset.........
2022-04-16 17:48:31 Read the training data successfully.
2022-04-16 17:48:31 Reading testing dataset........
2022-04-16 17:48:31 Read the testing data successfully.
2022-04-16 17:48:31 Reading validation dataset........
2022-04-16 17:48:31 Read the validation data successfully.
2022-04-16 17:48:31 Created pipelines for our models.
2022-04-16 17:48:31 Selected top 4 important features.
2022-04-16 17:48:31 Hyperparameter tuning intiated in Random Forest.......
2022-04-16 17:48:31 Random forest training started......
2022-04-16 17:48:43 {'random_forest__n_estimators': 200, 'random_forest__max_depth': 45}
2022-04-16 17:48:43 Random forest trained.
2022-04-16 17:48:43 Hyperparameter tuning intiated in XGBoost.......
2022-04-16 17:48:43 XGBoost training started.
2022-04-16 17:51:47 Reading training dataset.........
2022-04-16 17:51:47 Read the training data successfully.
2022-04-16 17:51:47 Reading testing dataset........
2022-04-16 17:51:47 Read the testing data successfully.
2022-04-16 17:51:47 Reading validation dataset........
2022-04-16 17:51:47 Read the validation data successfully.
2022-04-16 17:51:47 Created pipelines for our models.
2022-04-16 17:51:47 Selected top 4 important features.
2022-04-16 17:51:47 Hyperparameter tuning intiated in Random Forest.......
2022-04-16 17:51:47 Random forest training started......
2022-04-16 17:51:57 {'random_forest__n_estimators': 200, 'random_forest__max_depth': 30}
2022-04-16 17:51:57 Random forest trained.
2022-04-16 17:51:57 Hyperparameter tuning intiated in XGBoost.......
2022-04-16 17:51:57 XGBoost training started.
2022-04-16 18:07:21 Reading training dataset.........
2022-04-16 18:07:21 Read the training data successfully.
2022-04-16 18:07:21 Reading testing dataset........
2022-04-16 18:07:21 Read the testing data successfully.
2022-04-16 18:07:21 Reading validation dataset........
2022-04-16 18:07:21 Read the validation data successfully.
2022-04-16 18:07:21 Created pipelines for our models.
2022-04-16 18:07:21 Selected top 4 important features.
2022-04-16 18:07:21 Hyperparameter tuning intiated in Random Forest.......
2022-04-16 18:07:21 Random forest training started......
2022-04-16 18:07:42 {'random_forest__n_estimators': 400, 'random_forest__max_depth': 30}
2022-04-16 18:07:42 Random forest trained.
2022-04-16 18:07:42 Hyperparameter tuning intiated in XGBoost.......
2022-04-16 18:07:42 XGBoost training started.
2022-04-16 18:08:29 {'XGboost__n_estimators': 1000, 'XGboost__max_depth': 15, 'XGboost__learning_rate': 0.001, 'XGboost__colsample_bytree': 0.9}
2022-04-16 18:08:29 XGBoost trained.
2022-04-16 18:08:29 Successfully saved Random forest as pickle file.
2022-04-16 18:08:29 Successfully saved XGBoost as pickle file.
2022-04-16 18:08:29 Sucessfully executed!
