2022-04-15 16:55:38 Reading training dataset.........
2022-04-15 16:55:38 Read the training data successfully.
2022-04-15 16:55:38 Reading testing dataset........
2022-04-15 16:56:32 Reading training dataset.........
2022-04-15 16:56:32 Read the training data successfully.
2022-04-15 16:56:32 Reading testing dataset........
2022-04-15 16:56:32 Read the testing data successfully.
2022-04-15 16:56:32 Reading validation dataset........
2022-04-15 16:56:32 Read the validation data successfully.
2022-04-15 16:56:32 Creating the pipelines.....
2022-04-15 16:56:32 Pipelines created.
2022-04-15 16:56:32 Builiding an ANN model....
2022-04-15 16:56:32 ANN built and compiled.
2022-04-15 16:56:32 Fitting the pipelines and ANN
2022-04-15 16:56:39 All the pipelines fitted.
2022-04-15 16:56:45 ANN trained and validated
2022-04-15 16:56:45 Predicting on validation data
2022-04-15 16:56:48 Prediction done.
2022-04-15 16:56:48 Displaying the performance metrics of all the model.......
2022-04-15 16:56:48 Accuracy of Logistic_Regression 70.4
2022-04-15 16:56:48 Recall of Logistic_Regression 0.66
2022-04-15 16:56:48 ===================================================================
2022-04-15 16:56:48 Accuracy of KNN 73.86
2022-04-15 16:56:48 Recall of KNN 0.65
2022-04-15 16:56:48 ===================================================================
2022-04-15 16:56:48 Accuracy of SVC 72.38
2022-04-15 16:56:48 Recall of SVC 0.65
2022-04-15 16:56:48 ===================================================================
2022-04-15 16:56:48 Accuracy of xgboost 87.4
2022-04-15 16:56:48 Recall of xgboost 0.83
2022-04-15 16:56:48 ===================================================================
2022-04-15 16:56:48 Accuracy of decision_tree 82.09
2022-04-15 16:56:48 Recall of decision_tree 0.73
2022-04-15 16:56:48 ===================================================================
2022-04-15 16:56:48 Accuracy of Random_forest 86.25
2022-04-15 16:56:48 Recall of Random_forest 0.77
2022-04-15 16:56:48 Select the best performing model and Model Selection phase is completed.
2022-04-16 18:12:36 Reading training dataset.........
2022-04-16 18:12:36 Read the training data successfully.
2022-04-16 18:12:36 Reading testing dataset........
2022-04-16 18:12:36 Read the testing data successfully.
2022-04-16 18:12:36 Reading validation dataset........
2022-04-16 18:12:36 Read the validation data successfully.
2022-04-16 18:12:36 Creating the pipelines.....
2022-04-16 18:12:36 Pipelines created.
2022-04-16 18:12:36 Builiding an ANN model....
2022-04-16 18:12:37 ANN built and compiled.
2022-04-16 18:12:37 Fitting the pipelines and ANN
2022-04-16 18:12:41 All the pipelines fitted.
2022-04-16 18:12:46 ANN trained and validated
2022-04-16 18:12:46 Predicting on validation data
2022-04-16 18:12:48 Prediction done.
2022-04-16 18:12:48 Displaying the performance metrics of all the model.......
2022-04-16 18:12:48 Accuracy of Logistic_Regression 71.34
2022-04-16 18:12:48 Recall of Logistic_Regression 0.67
2022-04-16 18:12:48 ===================================================================
2022-04-16 18:12:48 Accuracy of KNN 74.66
2022-04-16 18:12:48 Recall of KNN 0.67
2022-04-16 18:12:48 ===================================================================
2022-04-16 18:12:48 Accuracy of SVC 72.78
2022-04-16 18:12:48 Recall of SVC 0.64
2022-04-16 18:12:48 ===================================================================
2022-04-16 18:12:48 Accuracy of xgboost 87.29
2022-04-16 18:12:48 Recall of xgboost 0.83
2022-04-16 18:12:48 ===================================================================
2022-04-16 18:12:48 Accuracy of decision_tree 82.31
2022-04-16 18:12:48 Recall of decision_tree 0.74
2022-04-16 18:12:48 ===================================================================
2022-04-16 18:12:48 Accuracy of Random_forest 85.6
2022-04-16 18:12:48 Recall of Random_forest 0.76
2022-04-16 18:12:48 Select the best performing model and Model Selection phase is completed.
